<?xml version="1.0" encoding="UTF-8"?>
<testsuite name="com.example.project.TestBookStore" tests="6" skipped="0" failures="0" errors="0" timestamp="2025-01-16T14:26:44" hostname="codespaces-b3f3a9" time="0.063">
  <properties/>
  <testcase name="testAddBook()" classname="com.example.project.TestBookStore" time="0.002"/>
  <testcase name="testAddUser()" classname="com.example.project.TestBookStore" time="0.001"/>
  <testcase name="testInsertBooK()" classname="com.example.project.TestBookStore" time="0.001"/>
  <testcase name="testRemoveBook()" classname="com.example.project.TestBookStore" time="0.006"/>
  <testcase name="testRemoveUser()" classname="com.example.project.TestBookStore" time="0.033"/>
  <testcase name="testConsolidateUsers()" classname="com.example.project.TestBookStore" time="0.003"/>
  <system-out><![CDATA[null
null
null
null
null
null
null
null
null
null
----------
----------
com.example.project.User@5460cf3a
com.example.project.User@65a15628
com.example.project.User@2e6a5539
null
null
null
null
null
null
null
----------
null
null
null
null
null
null
null
null
null
null
----------
----------
com.example.project.User@65a15628
com.example.project.User@2e6a5539
null
null
null
null
null
null
null
null
----------
null
null
null
null
null
null
null
null
null
null
----------
----------
com.example.project.User@65a15628
null
null
null
null
null
null
null
null
null
----------
null
null
null
null
null
null
null
null
null
null
----------
----------
null
null
null
null
null
null
null
null
null
null
----------
null
null
null
null
----------
----------
com.example.project.User@3fc9504b
com.example.project.User@6d025197
null
null
----------
]]></system-out>
  <system-err><![CDATA[]]></system-err>
</testsuite>
