<?xml version="1.0" encoding="UTF-8"?>
<testsuite name="com.example.project.TestUser" tests="2" skipped="0" failures="0" errors="0" timestamp="2025-01-27T17:10:31" hostname="codespaces-b3f3a9" time="0.038">
  <properties/>
  <testcase name="testUserConstructor()" classname="com.example.project.TestUser" time="0.035"/>
  <testcase name="testUserInfo()" classname="com.example.project.TestUser" time="0.002"/>
  <system-out><![CDATA[]]></system-out>
  <system-err><![CDATA[]]></system-err>
</testsuite>
